{"C:\\Users\\space\\Desktop\\PaintingStore\\src\\compilationOptions.ts": {"path":"C:\\Users\\space\\Desktop\\PaintingStore\\src\\compilationOptions.ts","statementMap":{"0":{"start":{"line":1,"column":27},"end":{"line":3,"column":2}},"1":{"start":{"line":5,"column":0},"end":{"line":5,"column":34}}},"fnMap":{},"branchMap":{},"s":{"0":2,"1":2},"f":{},"b":{}}
,"C:\\Users\\space\\Desktop\\PaintingStore\\src\\assets\\helpers.ts": {"path":"C:\\Users\\space\\Desktop\\PaintingStore\\src\\assets\\helpers.ts","statementMap":{"0":{"start":{"line":2,"column":2},"end":{"line":2,"column":35}},"1":{"start":{"line":2,"column":28},"end":{"line":2,"column":35}},"2":{"start":{"line":3,"column":2},"end":{"line":3,"column":64}},"3":{"start":{"line":1,"column":0},"end":{"line":1,"column":24}}},"fnMap":{"0":{"name":"formateNumber","decl":{"start":{"line":1,"column":24},"end":{"line":1,"column":37}},"loc":{"start":{"line":1,"column":52},"end":{"line":4,"column":1}}}},"branchMap":{"0":{"loc":{"start":{"line":2,"column":2},"end":{"line":2,"column":35}},"type":"if","locations":[{"start":{"line":2,"column":2},"end":{"line":2,"column":35}},{"start":{"line":2,"column":2},"end":{"line":2,"column":35}}]}},"s":{"0":0,"1":0,"2":0,"3":0},"f":{"0":0},"b":{"0":[0,0]}}
,"C:\\Users\\space\\Desktop\\PaintingStore\\src\\components\\button\\button.tsx": {"path":"C:\\Users\\space\\Desktop\\PaintingStore\\src\\components\\button\\button.tsx","statementMap":{"0":{"start":{"line":1,"column":0},"end":{"line":1,"column":26}},"1":{"start":{"line":2,"column":0},"end":{"line":2,"column":23}},"2":{"start":{"line":17,"column":6},"end":{"line":17,"column":12}},"3":{"start":{"line":13,"column":8},"end":{"line":13,"column":null}},"4":{"start":{"line":14,"column":17},"end":{"line":14,"column":null}},"5":{"start":{"line":15,"column":12},"end":{"line":15,"column":null}},"6":{"start":{"line":16,"column":15},"end":{"line":16,"column":null}},"7":{"start":{"line":19,"column":28},"end":{"line":21,"column":3}},"8":{"start":{"line":20,"column":4},"end":{"line":20,"column":23}},"9":{"start":{"line":23,"column":2},"end":{"line":33,"column":4}},"10":{"start":{"line":36,"column":0},"end":{"line":36,"column":22}}},"fnMap":{"0":{"name":"Button","decl":{"start":{"line":11,"column":9},"end":{"line":11,"column":15}},"loc":{"start":{"line":11,"column":29},"end":{"line":34,"column":1}}},"1":{"name":"(anonymous_2)","decl":{"start":{"line":16,"column":18},"end":{"line":16,"column":26}},"loc":{"start":{"line":16,"column":18},"end":{"line":16,"column":27}}},"2":{"name":"(anonymous_3)","decl":{"start":{"line":19,"column":28},"end":{"line":19,"column":29}},"loc":{"start":{"line":19,"column":83},"end":{"line":21,"column":3}}}},"branchMap":{"0":{"loc":{"start":{"line":13,"column":11},"end":{"line":13,"column":13}},"type":"cond-expr","locations":[{"start":{"line":13,"column":11},"end":{"line":13,"column":13}},{"start":{"line":13,"column":13},"end":{"line":13,"column":null}}]},"1":{"loc":{"start":{"line":14,"column":20},"end":{"line":14,"column":25}},"type":"cond-expr","locations":[{"start":{"line":14,"column":20},"end":{"line":14,"column":25}},{"start":{"line":14,"column":25},"end":{"line":14,"column":null}}]},"2":{"loc":{"start":{"line":15,"column":15},"end":{"line":15,"column":20}},"type":"cond-expr","locations":[{"start":{"line":15,"column":15},"end":{"line":15,"column":20}},{"start":{"line":15,"column":20},"end":{"line":15,"column":null}}]},"3":{"loc":{"start":{"line":16,"column":18},"end":{"line":16,"column":27}},"type":"cond-expr","locations":[{"start":{"line":16,"column":18},"end":{"line":16,"column":27}},{"start":{"line":16,"column":27},"end":{"line":16,"column":null}}]},"4":{"loc":{"start":{"line":25,"column":43},"end":{"line":25,"column":67}},"type":"cond-expr","locations":[{"start":{"line":25,"column":43},"end":{"line":25,"column":67}},{"start":{"line":25,"column":70},"end":{"line":25,"column":72}}]},"5":{"loc":{"start":{"line":30,"column":23},"end":{"line":30,"column":72}},"type":"cond-expr","locations":[{"start":{"line":30,"column":23},"end":{"line":30,"column":72}},{"start":{"line":30,"column":75},"end":{"line":30,"column":79}}]}},"s":{"0":2,"1":2,"2":24,"3":6,"4":6,"5":6,"6":6,"7":6,"8":1,"9":6,"10":2},"f":{"0":6,"1":0,"2":1},"b":{"0":[3,3],"1":[5,1],"2":[5,1],"3":[5,1],"4":[1,5],"5":[1,5]}}
,"C:\\Users\\space\\Desktop\\PaintingStore\\src\\components\\footer\\footer.tsx": {"path":"C:\\Users\\space\\Desktop\\PaintingStore\\src\\components\\footer\\footer.tsx","statementMap":{"0":{"start":{"line":1,"column":0},"end":{"line":1,"column":26}},"1":{"start":{"line":2,"column":0},"end":{"line":2,"column":32}},"2":{"start":{"line":3,"column":0},"end":{"line":3,"column":61}},"3":{"start":{"line":4,"column":0},"end":{"line":4,"column":48}},"4":{"start":{"line":5,"column":0},"end":{"line":5,"column":52}},"5":{"start":{"line":6,"column":0},"end":{"line":6,"column":23}},"6":{"start":{"line":9,"column":2},"end":{"line":22,"column":4}},"7":{"start":{"line":25,"column":0},"end":{"line":25,"column":22}}},"fnMap":{"0":{"name":"Footer","decl":{"start":{"line":8,"column":9},"end":{"line":8,"column":15}},"loc":{"start":{"line":8,"column":15},"end":{"line":23,"column":1}}}},"branchMap":{},"s":{"0":1,"1":1,"2":1,"3":1,"4":1,"5":1,"6":1,"7":1},"f":{"0":1},"b":{}}
,"C:\\Users\\space\\Desktop\\PaintingStore\\src\\components\\footer\\images\\address-symbol.tsx": {"path":"C:\\Users\\space\\Desktop\\PaintingStore\\src\\components\\footer\\images\\address-symbol.tsx","statementMap":{"0":{"start":{"line":1,"column":0},"end":{"line":1,"column":26}},"1":{"start":{"line":4,"column":2},"end":{"line":8,"column":4}},"2":{"start":{"line":11,"column":0},"end":{"line":11,"column":29}}},"fnMap":{"0":{"name":"AddressSymbol","decl":{"start":{"line":3,"column":9},"end":{"line":3,"column":22}},"loc":{"start":{"line":3,"column":22},"end":{"line":9,"column":1}}}},"branchMap":{},"s":{"0":1,"1":1,"2":1},"f":{"0":1},"b":{}}
,"C:\\Users\\space\\Desktop\\PaintingStore\\src\\components\\footer\\images\\phone-symbol.tsx": {"path":"C:\\Users\\space\\Desktop\\PaintingStore\\src\\components\\footer\\images\\phone-symbol.tsx","statementMap":{"0":{"start":{"line":1,"column":0},"end":{"line":1,"column":26}},"1":{"start":{"line":4,"column":2},"end":{"line":8,"column":4}},"2":{"start":{"line":11,"column":0},"end":{"line":11,"column":27}}},"fnMap":{"0":{"name":"PhoneSymbol","decl":{"start":{"line":3,"column":9},"end":{"line":3,"column":20}},"loc":{"start":{"line":3,"column":20},"end":{"line":9,"column":1}}}},"branchMap":{},"s":{"0":1,"1":1,"2":1},"f":{"0":1},"b":{}}
,"C:\\Users\\space\\Desktop\\PaintingStore\\src\\components\\header\\actions.ts": {"path":"C:\\Users\\space\\Desktop\\PaintingStore\\src\\components\\header\\actions.ts","statementMap":{"0":{"start":{"line":1,"column":0},"end":{"line":1,"column":78}},"1":{"start":{"line":3,"column":16},"end":{"line":5,"column":2}},"2":{"start":{"line":7,"column":0},"end":{"line":7,"column":23}}},"fnMap":{},"branchMap":{},"s":{"0":0,"1":0,"2":0},"f":{},"b":{}}
,"C:\\Users\\space\\Desktop\\PaintingStore\\src\\components\\header\\header-container.tsx": {"path":"C:\\Users\\space\\Desktop\\PaintingStore\\src\\components\\header\\header-container.tsx","statementMap":{"0":{"start":{"line":1,"column":0},"end":{"line":1,"column":38}},"1":{"start":{"line":3,"column":0},"end":{"line":3,"column":30}},"2":{"start":{"line":4,"column":0},"end":{"line":4,"column":32}},"3":{"start":{"line":6,"column":24},"end":{"line":6,"column":55}},"4":{"start":{"line":6,"column":50},"end":{"line":6,"column":56}},"5":{"start":{"line":7,"column":0},"end":{"line":7,"column":57}}},"fnMap":{"0":{"name":"(anonymous_1)","decl":{"start":{"line":6,"column":24},"end":{"line":6,"column":25}},"loc":{"start":{"line":6,"column":45},"end":{"line":6,"column":55}}}},"branchMap":{},"s":{"0":0,"1":0,"2":0,"3":0,"4":0,"5":0},"f":{"0":0},"b":{}}
,"C:\\Users\\space\\Desktop\\PaintingStore\\src\\components\\header\\header.tsx": {"path":"C:\\Users\\space\\Desktop\\PaintingStore\\src\\components\\header\\header.tsx","statementMap":{"0":{"start":{"line":1,"column":0},"end":{"line":1,"column":40}},"1":{"start":{"line":4,"column":0},"end":{"line":4,"column":32}},"2":{"start":{"line":5,"column":0},"end":{"line":5,"column":61}},"3":{"start":{"line":6,"column":0},"end":{"line":6,"column":49}},"4":{"start":{"line":8,"column":0},"end":{"line":8,"column":23}},"5":{"start":{"line":15,"column":30},"end":{"line":15,"column":36}},"6":{"start":{"line":17,"column":34},"end":{"line":17,"column":49}},"7":{"start":{"line":17,"column":17},"end":{"line":17,"column":19}},"8":{"start":{"line":17,"column":30},"end":{"line":17,"column":34}},"9":{"start":{"line":19,"column":28},"end":{"line":21,"column":3}},"10":{"start":{"line":20,"column":4},"end":{"line":20,"column":27}},"11":{"start":{"line":23,"column":2},"end":{"line":44,"column":4}},"12":{"start":{"line":47,"column":0},"end":{"line":47,"column":22}}},"fnMap":{"0":{"name":"Header","decl":{"start":{"line":14,"column":9},"end":{"line":14,"column":15}},"loc":{"start":{"line":14,"column":29},"end":{"line":45,"column":1}}},"1":{"name":"(anonymous_8)","decl":{"start":{"line":19,"column":28},"end":{"line":19,"column":null}},"loc":{"start":{"line":19,"column":28},"end":{"line":21,"column":3}}}},"branchMap":{"0":{"loc":{"start":{"line":26,"column":51},"end":{"line":26,"column":80}},"type":"cond-expr","locations":[{"start":{"line":26,"column":51},"end":{"line":26,"column":80}},{"start":{"line":26,"column":83},"end":{"line":26,"column":85}}]},"1":{"loc":{"start":{"line":28,"column":55},"end":{"line":28,"column":78}},"type":"cond-expr","locations":[{"start":{"line":28,"column":55},"end":{"line":28,"column":78}},{"start":{"line":28,"column":81},"end":{"line":28,"column":83}}]},"2":{"loc":{"start":{"line":29,"column":66},"end":{"line":29,"column":68}},"type":"cond-expr","locations":[{"start":{"line":29,"column":66},"end":{"line":29,"column":68}},{"start":{"line":29,"column":71},"end":{"line":29,"column":102}}]},"3":{"loc":{"start":{"line":30,"column":66},"end":{"line":30,"column":68}},"type":"cond-expr","locations":[{"start":{"line":30,"column":66},"end":{"line":30,"column":68}},{"start":{"line":30,"column":71},"end":{"line":30,"column":102}}]},"4":{"loc":{"start":{"line":31,"column":66},"end":{"line":31,"column":68}},"type":"cond-expr","locations":[{"start":{"line":31,"column":66},"end":{"line":31,"column":68}},{"start":{"line":31,"column":71},"end":{"line":31,"column":102}}]},"5":{"loc":{"start":{"line":34,"column":61},"end":{"line":34,"column":92}},"type":"cond-expr","locations":[{"start":{"line":34,"column":61},"end":{"line":34,"column":92}},{"start":{"line":34,"column":95},"end":{"line":34,"column":97}}]},"6":{"loc":{"start":{"line":37,"column":57},"end":{"line":37,"column":84}},"type":"cond-expr","locations":[{"start":{"line":37,"column":57},"end":{"line":37,"column":84}},{"start":{"line":37,"column":87},"end":{"line":37,"column":89}}]}},"s":{"0":1,"1":1,"2":1,"3":1,"4":1,"5":2,"6":2,"7":2,"8":2,"9":2,"10":1,"11":2,"12":1},"f":{"0":2,"1":1},"b":{"0":[1,1],"1":[1,1],"2":[1,1],"3":[1,1],"4":[1,1],"5":[1,1],"6":[1,1]}}
,"C:\\Users\\space\\Desktop\\PaintingStore\\src\\components\\logo\\logo.tsx": {"path":"C:\\Users\\space\\Desktop\\PaintingStore\\src\\components\\logo\\logo.tsx","statementMap":{"0":{"start":{"line":1,"column":0},"end":{"line":1,"column":26}},"1":{"start":{"line":2,"column":0},"end":{"line":2,"column":58}},"2":{"start":{"line":3,"column":0},"end":{"line":3,"column":21}},"3":{"start":{"line":6,"column":2},"end":{"line":10,"column":4}},"4":{"start":{"line":13,"column":0},"end":{"line":13,"column":20}}},"fnMap":{"0":{"name":"Logo","decl":{"start":{"line":5,"column":9},"end":{"line":5,"column":13}},"loc":{"start":{"line":5,"column":13},"end":{"line":11,"column":1}}}},"branchMap":{"0":{"loc":{"start":{"line":8,"column":79},"end":{"line":8,"column":95}},"type":"cond-expr","locations":[{"start":{"line":8,"column":79},"end":{"line":8,"column":95}},{"start":{"line":8,"column":98},"end":{"line":8,"column":100}}]}},"s":{"0":2,"1":2,"2":2,"3":3,"4":2},"f":{"0":3},"b":{"0":[3,0]}}
,"C:\\Users\\space\\Desktop\\PaintingStore\\src\\components\\navigation-bar\\navigation-bar.tsx": {"path":"C:\\Users\\space\\Desktop\\PaintingStore\\src\\components\\navigation-bar\\navigation-bar.tsx","statementMap":{"0":{"start":{"line":1,"column":0},"end":{"line":1,"column":26}},"1":{"start":{"line":2,"column":0},"end":{"line":2,"column":31}},"2":{"start":{"line":20,"column":6},"end":{"line":20,"column":12}},"3":{"start":{"line":13,"column":8},"end":{"line":19,"column":null}},"4":{"start":{"line":22,"column":2},"end":{"line":36,"column":4}},"5":{"start":{"line":26,"column":10},"end":{"line":32,"column":12}},"6":{"start":{"line":39,"column":0},"end":{"line":39,"column":29}}},"fnMap":{"0":{"name":"NavigationBar","decl":{"start":{"line":11,"column":9},"end":{"line":11,"column":22}},"loc":{"start":{"line":11,"column":36},"end":{"line":37,"column":1}}},"1":{"name":"(anonymous_2)","decl":{"start":{"line":25,"column":18},"end":{"line":25,"column":19}},"loc":{"start":{"line":25,"column":23},"end":{"line":33,"column":9}}}},"branchMap":{"0":{"loc":{"start":{"line":13,"column":11},"end":{"line":19,"column":null}},"type":"cond-expr","locations":[{"start":{"line":13,"column":11},"end":{"line":19,"column":null}},{"start":{"line":19,"column":5},"end":{"line":19,"column":null}}]}},"s":{"0":2,"1":2,"2":3,"3":3,"4":3,"5":15,"6":2},"f":{"0":3,"1":15},"b":{"0":[3,0]}}
,"C:\\Users\\space\\Desktop\\PaintingStore\\src\\components\\product-block\\product-block.tsx": {"path":"C:\\Users\\space\\Desktop\\PaintingStore\\src\\components\\product-block\\product-block.tsx","statementMap":{"0":{"start":{"line":1,"column":0},"end":{"line":1,"column":49}},"1":{"start":{"line":2,"column":0},"end":{"line":2,"column":58}},"2":{"start":{"line":3,"column":0},"end":{"line":3,"column":26}},"3":{"start":{"line":5,"column":0},"end":{"line":5,"column":38}},"4":{"start":{"line":8,"column":0},"end":{"line":8,"column":30}},"5":{"start":{"line":23,"column":6},"end":{"line":23,"column":12}},"6":{"start":{"line":24,"column":20},"end":{"line":24,"column":55}},"7":{"start":{"line":27,"column":8},"end":{"line":27,"column":9}},"8":{"start":{"line":28,"column":6},"end":{"line":30,"column":9}},"9":{"start":{"line":32,"column":12},"end":{"line":32,"column":77}},"10":{"start":{"line":33,"column":23},"end":{"line":33,"column":null}},"11":{"start":{"line":33,"column":12},"end":{"line":33,"column":null}},"12":{"start":{"line":35,"column":10},"end":{"line":35,"column":18}},"13":{"start":{"line":36,"column":21},"end":{"line":36,"column":null}},"14":{"start":{"line":36,"column":14},"end":{"line":36,"column":null}},"15":{"start":{"line":37,"column":8},"end":{"line":40,"column":11}},"16":{"start":{"line":42,"column":8},"end":{"line":44,"column":11}},"17":{"start":{"line":47,"column":6},"end":{"line":50,"column":9}},"18":{"start":{"line":54,"column":2},"end":{"line":96,"column":4}},"19":{"start":{"line":99,"column":0},"end":{"line":99,"column":28}}},"fnMap":{"0":{"name":"ProductBlock","decl":{"start":{"line":17,"column":9},"end":{"line":17,"column":21}},"loc":{"start":{"line":17,"column":35},"end":{"line":97,"column":1}}},"1":{"name":"handleButtonClick","decl":{"start":{"line":26,"column":17},"end":{"line":26,"column":34}},"loc":{"start":{"line":26,"column":89},"end":{"line":52,"column":null}}}},"branchMap":{"0":{"loc":{"start":{"line":27,"column":8},"end":{"line":27,"column":9}},"type":"if","locations":[{"start":{"line":27,"column":8},"end":{"line":27,"column":9}},{"start":{"line":27,"column":8},"end":{"line":27,"column":9}}]},"1":{"loc":{"start":{"line":35,"column":10},"end":{"line":35,"column":18}},"type":"if","locations":[{"start":{"line":35,"column":10},"end":{"line":35,"column":18}},{"start":{"line":35,"column":10},"end":{"line":35,"column":18}}]},"2":{"loc":{"start":{"line":55,"column":54},"end":{"line":55,"column":77}},"type":"cond-expr","locations":[{"start":{"line":55,"column":54},"end":{"line":55,"column":77}},{"start":{"line":55,"column":80},"end":{"line":55,"column":82}}]},"3":{"loc":{"start":{"line":59,"column":54},"end":{"line":59,"column":70}},"type":"cond-expr","locations":[{"start":{"line":59,"column":54},"end":{"line":59,"column":70}},{"start":{"line":59,"column":73},"end":{"line":59,"column":75}}]},"4":{"loc":{"start":{"line":69,"column":12},"end":{"line":69,"column":75}},"type":"cond-expr","locations":[{"start":{"line":69,"column":12},"end":{"line":69,"column":75}},{"start":{"line":72,"column":12},"end":{"line":90,"column":null}}]},"5":{"loc":{"start":{"line":76,"column":20},"end":{"line":77,"column":null}},"type":"cond-expr","locations":[{"start":{"line":76,"column":20},"end":{"line":77,"column":null}},{"start":{"line":79,"column":22},"end":{"line":79,"column":26}}]}},"s":{"0":0,"1":0,"2":0,"3":0,"4":0,"5":0,"6":0,"7":0,"8":0,"9":0,"10":0,"11":0,"12":0,"13":0,"14":0,"15":0,"16":0,"17":0,"18":0,"19":0},"f":{"0":0,"1":0},"b":{"0":[0,0],"1":[0,0],"2":[0,0],"3":[0,0],"4":[0,0],"5":[0,0]}}
,"C:\\Users\\space\\Desktop\\PaintingStore\\src\\components\\search-bar\\search-bar.tsx": {"path":"C:\\Users\\space\\Desktop\\PaintingStore\\src\\components\\search-bar\\search-bar.tsx","statementMap":{"0":{"start":{"line":1,"column":0},"end":{"line":1,"column":26}},"1":{"start":{"line":3,"column":0},"end":{"line":3,"column":38}},"2":{"start":{"line":4,"column":0},"end":{"line":4,"column":27}},"3":{"start":{"line":18,"column":6},"end":{"line":18,"column":12}},"4":{"start":{"line":15,"column":9},"end":{"line":15,"column":null}},"5":{"start":{"line":16,"column":15},"end":{"line":16,"column":null}},"6":{"start":{"line":17,"column":9},"end":{"line":17,"column":null}},"7":{"start":{"line":20,"column":28},"end":{"line":26,"column":3}},"8":{"start":{"line":21,"column":4},"end":{"line":21,"column":27}},"9":{"start":{"line":22,"column":17},"end":{"line":22,"column":48}},"10":{"start":{"line":23,"column":18},"end":{"line":23,"column":78}},"11":{"start":{"line":24,"column":17},"end":{"line":24,"column":28}},"12":{"start":{"line":25,"column":4},"end":{"line":25,"column":32}},"13":{"start":{"line":28,"column":2},"end":{"line":47,"column":4}},"14":{"start":{"line":50,"column":0},"end":{"line":50,"column":25}}},"fnMap":{"0":{"name":"SearchBar","decl":{"start":{"line":13,"column":9},"end":{"line":13,"column":18}},"loc":{"start":{"line":13,"column":32},"end":{"line":48,"column":1}}},"1":{"name":"(anonymous_2)","decl":{"start":{"line":20,"column":28},"end":{"line":20,"column":29}},"loc":{"start":{"line":20,"column":68},"end":{"line":26,"column":3}}}},"branchMap":{"0":{"loc":{"start":{"line":15,"column":12},"end":{"line":15,"column":14}},"type":"cond-expr","locations":[{"start":{"line":15,"column":12},"end":{"line":15,"column":14}},{"start":{"line":15,"column":14},"end":{"line":15,"column":null}}]},"1":{"loc":{"start":{"line":16,"column":18},"end":{"line":16,"column":45}},"type":"cond-expr","locations":[{"start":{"line":16,"column":18},"end":{"line":16,"column":45}},{"start":{"line":16,"column":45},"end":{"line":16,"column":null}}]},"2":{"loc":{"start":{"line":17,"column":12},"end":{"line":17,"column":14}},"type":"cond-expr","locations":[{"start":{"line":17,"column":12},"end":{"line":17,"column":14}},{"start":{"line":17,"column":14},"end":{"line":17,"column":null}}]},"3":{"loc":{"start":{"line":30,"column":15},"end":{"line":30,"column":59}},"type":"cond-expr","locations":[{"start":{"line":30,"column":15},"end":{"line":30,"column":59}},{"start":{"line":30,"column":62},"end":{"line":30,"column":66}}]}},"s":{"0":1,"1":1,"2":1,"3":6,"4":2,"5":2,"6":2,"7":2,"8":0,"9":0,"10":0,"11":0,"12":0,"13":2,"14":1},"f":{"0":2,"1":0},"b":{"0":[2,0],"1":[2,0],"2":[2,0],"3":[0,2]}}
,"C:\\Users\\space\\Desktop\\PaintingStore\\src\\pages\\base\\base.tsx": {"path":"C:\\Users\\space\\Desktop\\PaintingStore\\src\\pages\\base\\base.tsx","statementMap":{"0":{"start":{"line":1,"column":0},"end":{"line":1,"column":33}},"1":{"start":{"line":2,"column":0},"end":{"line":2,"column":21}},"2":{"start":{"line":4,"column":0},"end":{"line":4,"column":71}}},"fnMap":{},"branchMap":{},"s":{"0":0,"1":0,"2":0},"f":{},"b":{}}
,"C:\\Users\\space\\Desktop\\PaintingStore\\src\\pages\\index\\index.tsx": {"path":"C:\\Users\\space\\Desktop\\PaintingStore\\src\\pages\\index\\index.tsx","statementMap":{"0":{"start":{"line":1,"column":0},"end":{"line":1,"column":22}},"1":{"start":{"line":2,"column":0},"end":{"line":2,"column":22}}},"fnMap":{},"branchMap":{},"s":{"0":0,"1":0},"f":{},"b":{}}
,"C:\\Users\\space\\Desktop\\PaintingStore\\src\\pages\\prod-page\\prod-page-container.tsx": {"path":"C:\\Users\\space\\Desktop\\PaintingStore\\src\\pages\\prod-page\\prod-page-container.tsx","statementMap":{"0":{"start":{"line":1,"column":0},"end":{"line":1,"column":22}},"1":{"start":{"line":2,"column":0},"end":{"line":2,"column":26}},"2":{"start":{"line":3,"column":0},"end":{"line":3,"column":33}},"3":{"start":{"line":4,"column":0},"end":{"line":4,"column":39}},"4":{"start":{"line":5,"column":0},"end":{"line":5,"column":36}},"5":{"start":{"line":6,"column":0},"end":{"line":6,"column":58}},"6":{"start":{"line":7,"column":0},"end":{"line":7,"column":35}},"7":{"start":{"line":9,"column":23},"end":{"line":9,"column":43}},"8":{"start":{"line":10,"column":14},"end":{"line":10,"column":49}},"9":{"start":{"line":11,"column":0},"end":{"line":13,"column":3}},"10":{"start":{"line":15,"column":21},"end":{"line":15,"column":57}},"11":{"start":{"line":16,"column":0},"end":{"line":21,"column":2}}},"fnMap":{},"branchMap":{},"s":{"0":0,"1":0,"2":0,"3":0,"4":0,"5":0,"6":0,"7":0,"8":0,"9":0,"10":0,"11":0},"f":{},"b":{}}
,"C:\\Users\\space\\Desktop\\PaintingStore\\src\\pages\\prod-page\\prod-page.tsx": {"path":"C:\\Users\\space\\Desktop\\PaintingStore\\src\\pages\\prod-page\\prod-page.tsx","statementMap":{"0":{"start":{"line":1,"column":0},"end":{"line":1,"column":26}},"1":{"start":{"line":2,"column":0},"end":{"line":2,"column":62}},"2":{"start":{"line":3,"column":0},"end":{"line":3,"column":58}},"3":{"start":{"line":4,"column":0},"end":{"line":4,"column":52}},"4":{"start":{"line":5,"column":0},"end":{"line":5,"column":38}},"5":{"start":{"line":8,"column":0},"end":{"line":8,"column":26}},"6":{"start":{"line":15,"column":27},"end":{"line":15,"column":33}},"7":{"start":{"line":17,"column":2},"end":{"line":29,"column":4}},"8":{"start":{"line":32,"column":24},"end":{"line":34,"column":1}},"9":{"start":{"line":33,"column":2},"end":{"line":33,"column":15}},"10":{"start":{"line":35,"column":0},"end":{"line":35,"column":50}}},"fnMap":{"0":{"name":"ProdPage","decl":{"start":{"line":14,"column":9},"end":{"line":14,"column":17}},"loc":{"start":{"line":14,"column":31},"end":{"line":30,"column":1}}},"1":{"name":"(anonymous_2)","decl":{"start":{"line":32,"column":24},"end":{"line":32,"column":34}},"loc":{"start":{"line":32,"column":54},"end":{"line":34,"column":1}}}},"branchMap":{"0":{"loc":{"start":{"line":18,"column":59},"end":{"line":18,"column":79}},"type":"cond-expr","locations":[{"start":{"line":18,"column":59},"end":{"line":18,"column":79}},{"start":{"line":18,"column":82},"end":{"line":18,"column":84}}]}},"s":{"0":0,"1":0,"2":0,"3":0,"4":0,"5":0,"6":0,"7":0,"8":0,"9":0,"10":0},"f":{"0":0,"1":0},"b":{"0":[0,0]}}
,"C:\\Users\\space\\Desktop\\PaintingStore\\src\\pages\\products-list\\actions.ts": {"path":"C:\\Users\\space\\Desktop\\PaintingStore\\src\\pages\\products-list\\actions.ts","statementMap":{"0":{"start":{"line":1,"column":0},"end":{"line":1,"column":79}},"1":{"start":{"line":2,"column":0},"end":{"line":2,"column":79}},"2":{"start":{"line":3,"column":0},"end":{"line":3,"column":78}},"3":{"start":{"line":4,"column":0},"end":{"line":4,"column":93}},"4":{"start":{"line":5,"column":0},"end":{"line":5,"column":95}},"5":{"start":{"line":7,"column":16},"end":{"line":13,"column":2}},"6":{"start":{"line":15,"column":0},"end":{"line":15,"column":23}}},"fnMap":{},"branchMap":{},"s":{"0":0,"1":0,"2":0,"3":0,"4":0,"5":0,"6":0},"f":{},"b":{}}
,"C:\\Users\\space\\Desktop\\PaintingStore\\src\\pages\\products-list\\products-list.tsx": {"path":"C:\\Users\\space\\Desktop\\PaintingStore\\src\\pages\\products-list\\products-list.tsx","statementMap":{"0":{"start":{"line":1,"column":0},"end":{"line":1,"column":26}},"1":{"start":{"line":2,"column":0},"end":{"line":2,"column":38}},"2":{"start":{"line":3,"column":0},"end":{"line":3,"column":72}},"3":{"start":{"line":10,"column":0},"end":{"line":10,"column":32}},"4":{"start":{"line":11,"column":0},"end":{"line":11,"column":30}},"5":{"start":{"line":28,"column":6},"end":{"line":28,"column":12}},"6":{"start":{"line":29,"column":25},"end":{"line":29,"column":107}},"7":{"start":{"line":31,"column":2},"end":{"line":51,"column":4}},"8":{"start":{"line":37,"column":12},"end":{"line":46,"column":14}},"9":{"start":{"line":54,"column":24},"end":{"line":56,"column":1}},"10":{"start":{"line":55,"column":2},"end":{"line":55,"column":15}},"11":{"start":{"line":57,"column":0},"end":{"line":57,"column":63}}},"fnMap":{"0":{"name":"ProductsList","decl":{"start":{"line":21,"column":9},"end":{"line":21,"column":21}},"loc":{"start":{"line":21,"column":35},"end":{"line":52,"column":1}}},"1":{"name":"(anonymous_3)","decl":{"start":{"line":36,"column":30},"end":{"line":36,"column":31}},"loc":{"start":{"line":36,"column":38},"end":{"line":47,"column":11}}},"2":{"name":"(anonymous_4)","decl":{"start":{"line":54,"column":24},"end":{"line":54,"column":34}},"loc":{"start":{"line":54,"column":54},"end":{"line":56,"column":1}}}},"branchMap":{"0":{"loc":{"start":{"line":29,"column":48},"end":{"line":29,"column":80}},"type":"cond-expr","locations":[{"start":{"line":29,"column":48},"end":{"line":29,"column":80}},{"start":{"line":29,"column":81},"end":{"line":29,"column":107}}]}},"s":{"0":0,"1":0,"2":0,"3":0,"4":0,"5":0,"6":0,"7":0,"8":0,"9":0,"10":0,"11":0},"f":{"0":0,"1":0,"2":0},"b":{"0":[0,0]}}
,"C:\\Users\\space\\Desktop\\PaintingStore\\src\\pages\\ui-kit\\ui-kit.tsx": {"path":"C:\\Users\\space\\Desktop\\PaintingStore\\src\\pages\\ui-kit\\ui-kit.tsx","statementMap":{"0":{"start":{"line":1,"column":0},"end":{"line":1,"column":22}},"1":{"start":{"line":2,"column":0},"end":{"line":2,"column":26}},"2":{"start":{"line":3,"column":0},"end":{"line":3,"column":33}},"3":{"start":{"line":4,"column":0},"end":{"line":4,"column":52}},"4":{"start":{"line":5,"column":0},"end":{"line":5,"column":63}},"5":{"start":{"line":6,"column":0},"end":{"line":6,"column":23}},"6":{"start":{"line":9,"column":2},"end":{"line":64,"column":4}},"7":{"start":{"line":67,"column":21},"end":{"line":67,"column":54}},"8":{"start":{"line":68,"column":0},"end":{"line":68,"column":39}}},"fnMap":{"0":{"name":"App","decl":{"start":{"line":8,"column":9},"end":{"line":8,"column":12}},"loc":{"start":{"line":8,"column":12},"end":{"line":65,"column":1}}}},"branchMap":{},"s":{"0":0,"1":0,"2":0,"3":0,"4":0,"5":0,"6":0,"7":0,"8":0},"f":{"0":0},"b":{}}
,"C:\\Users\\space\\Desktop\\PaintingStore\\src\\storage\\Reducer.ts": {"path":"C:\\Users\\space\\Desktop\\PaintingStore\\src\\storage\\Reducer.ts","statementMap":{"0":{"start":{"line":4,"column":0},"end":{"line":4,"column":null}},"1":{"start":{"line":9,"column":4},"end":{"line":9,"column":41}},"2":{"start":{"line":10,"column":4},"end":{"line":10,"column":23}},"3":{"start":{"line":14,"column":0},"end":{"line":14,"column":null}},"4":{"start":{"line":16,"column":0},"end":{"line":16,"column":23}}},"fnMap":{"0":{"name":"(anonymous_0)","decl":{"start":{"line":4,"column":0},"end":{"line":4,"column":null}},"loc":{"start":{"line":4,"column":0},"end":{"line":14,"column":null}}},"1":{"name":"Reducer","decl":{"start":{"line":8,"column":2},"end":{"line":8,"column":14}},"loc":{"start":{"line":8,"column":59},"end":{"line":11,"column":3}}}},"branchMap":{},"s":{"0":0,"1":0,"2":0,"3":0,"4":0},"f":{"0":0,"1":0},"b":{}}
,"C:\\Users\\space\\Desktop\\PaintingStore\\src\\storage\\ReducerManager.ts": {"path":"C:\\Users\\space\\Desktop\\PaintingStore\\src\\storage\\ReducerManager.ts","statementMap":{"0":{"start":{"line":2,"column":0},"end":{"line":2,"column":66}},"1":{"start":{"line":4,"column":0},"end":{"line":4,"column":57}},"2":{"start":{"line":5,"column":0},"end":{"line":5,"column":60}},"3":{"start":{"line":6,"column":0},"end":{"line":6,"column":69}},"4":{"start":{"line":8,"column":0},"end":{"line":8,"column":null}},"5":{"start":{"line":15,"column":4},"end":{"line":15,"column":53}},"6":{"start":{"line":16,"column":4},"end":{"line":16,"column":55}},"7":{"start":{"line":17,"column":4},"end":{"line":17,"column":61}},"8":{"start":{"line":19,"column":4},"end":{"line":23,"column":7}},"9":{"start":{"line":25,"column":0},"end":{"line":25,"column":null}},"10":{"start":{"line":27,"column":0},"end":{"line":27,"column":30}}},"fnMap":{"0":{"name":"(anonymous_1)","decl":{"start":{"line":8,"column":0},"end":{"line":8,"column":null}},"loc":{"start":{"line":8,"column":0},"end":{"line":25,"column":null}}},"1":{"name":"ReducerManager","decl":{"start":{"line":14,"column":2},"end":{"line":14,"column":null}},"loc":{"start":{"line":14,"column":2},"end":{"line":24,"column":3}}}},"branchMap":{},"s":{"0":0,"1":0,"2":0,"3":0,"4":0,"5":0,"6":0,"7":0,"8":0,"9":0,"10":0},"f":{"0":0,"1":0},"b":{}}
,"C:\\Users\\space\\Desktop\\PaintingStore\\src\\storage\\Products\\ProductsReducer.ts": {"path":"C:\\Users\\space\\Desktop\\PaintingStore\\src\\storage\\Products\\ProductsReducer.ts","statementMap":{"0":{"start":{"line":3,"column":0},"end":{"line":3,"column":33}},"1":{"start":{"line":7,"column":38},"end":{"line":7,"column":86}},"2":{"start":{"line":9,"column":37},"end":{"line":12,"column":2}},"3":{"start":{"line":14,"column":30},"end":{"line":21,"column":2}},"4":{"start":{"line":23,"column":0},"end":{"line":23,"column":53}},"5":{"start":{"line":23,"column":30},"end":{"line":23,"column":37}},"6":{"start":{"line":24,"column":46},"end":{"line":24,"column":null}},"7":{"start":{"line":25,"column":4},"end":{"line":25,"column":null}},"8":{"start":{"line":28,"column":9},"end":{"line":54,"column":null}},"9":{"start":{"line":28,"column":19},"end":{"line":28,"column":39}},"10":{"start":{"line":29,"column":4},"end":{"line":29,"column":30}},"11":{"start":{"line":31,"column":4},"end":{"line":50,"column":null}},"12":{"start":{"line":33,"column":24},"end":{"line":33,"column":55}},"13":{"start":{"line":34,"column":8},"end":{"line":34,"column":45}},"14":{"start":{"line":35,"column":8},"end":{"line":35,"column":14}},"15":{"start":{"line":38,"column":32},"end":{"line":38,"column":63}},"16":{"start":{"line":39,"column":8},"end":{"line":39,"column":49}},"17":{"start":{"line":40,"column":8},"end":{"line":40,"column":14}},"18":{"start":{"line":48,"column":8},"end":{"line":48,"column":14}},"19":{"start":{"line":52,"column":4},"end":{"line":52,"column":60}},"20":{"start":{"line":53,"column":4},"end":{"line":53,"column":22}},"21":{"start":{"line":56,"column":10},"end":{"line":70,"column":null}},"22":{"start":{"line":57,"column":4},"end":{"line":68,"column":null}},"23":{"start":{"line":58,"column":18},"end":{"line":58,"column":39}},"24":{"start":{"line":59,"column":6},"end":{"line":59,"column":75}},"25":{"start":{"line":59,"column":32},"end":{"line":59,"column":75}},"26":{"start":{"line":60,"column":6},"end":{"line":60,"column":57}},"27":{"start":{"line":60,"column":26},"end":{"line":60,"column":57}},"28":{"start":{"line":61,"column":6},"end":{"line":61,"column":51}},"29":{"start":{"line":61,"column":24},"end":{"line":61,"column":51}},"30":{"start":{"line":62,"column":6},"end":{"line":62,"column":63}},"31":{"start":{"line":62,"column":28},"end":{"line":62,"column":63}},"32":{"start":{"line":63,"column":6},"end":{"line":63,"column":54}},"33":{"start":{"line":63,"column":25},"end":{"line":63,"column":54}},"34":{"start":{"line":64,"column":6},"end":{"line":64,"column":57}},"35":{"start":{"line":64,"column":26},"end":{"line":64,"column":57}},"36":{"start":{"line":66,"column":6},"end":{"line":66,"column":61}},"37":{"start":{"line":67,"column":6},"end":{"line":67,"column":20}},"38":{"start":{"line":69,"column":4},"end":{"line":69,"column":21}},"39":{"start":{"line":72,"column":10},"end":{"line":89,"column":null}},"40":{"start":{"line":73,"column":19},"end":{"line":86,"column":6}},"41":{"start":{"line":74,"column":6},"end":{"line":84,"column":null}},"42":{"start":{"line":75,"column":23},"end":{"line":75,"column":38}},"43":{"start":{"line":76,"column":8},"end":{"line":76,"column":50}},"44":{"start":{"line":76,"column":24},"end":{"line":76,"column":50}},"45":{"start":{"line":77,"column":8},"end":{"line":77,"column":80}},"46":{"start":{"line":77,"column":34},"end":{"line":77,"column":80}},"47":{"start":{"line":78,"column":8},"end":{"line":78,"column":62}},"48":{"start":{"line":78,"column":28},"end":{"line":78,"column":62}},"49":{"start":{"line":79,"column":8},"end":{"line":79,"column":56}},"50":{"start":{"line":79,"column":26},"end":{"line":79,"column":56}},"51":{"start":{"line":80,"column":8},"end":{"line":80,"column":68}},"52":{"start":{"line":80,"column":30},"end":{"line":80,"column":68}},"53":{"start":{"line":81,"column":8},"end":{"line":81,"column":59}},"54":{"start":{"line":81,"column":27},"end":{"line":81,"column":59}},"55":{"start":{"line":82,"column":8},"end":{"line":82,"column":62}},"56":{"start":{"line":82,"column":28},"end":{"line":82,"column":62}},"57":{"start":{"line":83,"column":8},"end":{"line":83,"column":25}},"58":{"start":{"line":85,"column":6},"end":{"line":85,"column":19}},"59":{"start":{"line":88,"column":4},"end":{"line":88,"column":18}},"60":{"start":{"line":91,"column":10},"end":{"line":96,"column":null}},"61":{"start":{"line":92,"column":22},"end":{"line":92,"column":53}},"62":{"start":{"line":92,"column":44},"end":{"line":92,"column":53}},"63":{"start":{"line":93,"column":20},"end":{"line":93,"column":65}},"64":{"start":{"line":94,"column":22},"end":{"line":94,"column":91}},"65":{"start":{"line":94,"column":58},"end":{"line":94,"column":83}},"66":{"start":{"line":95,"column":4},"end":{"line":95,"column":21}},"67":{"start":{"line":98,"column":10},"end":{"line":102,"column":null}},"68":{"start":{"line":99,"column":20},"end":{"line":99,"column":36}},"69":{"start":{"line":100,"column":4},"end":{"line":100,"column":84}},"70":{"start":{"line":100,"column":52},"end":{"line":100,"column":83}},"71":{"start":{"line":101,"column":4},"end":{"line":101,"column":24}},"72":{"start":{"line":104,"column":10},"end":{"line":119,"column":null}},"73":{"start":{"line":105,"column":20},"end":{"line":105,"column":36}},"74":{"start":{"line":106,"column":4},"end":{"line":117,"column":7}},"75":{"start":{"line":107,"column":23},"end":{"line":115,"column":7}},"76":{"start":{"line":108,"column":8},"end":{"line":110,"column":null}},"77":{"start":{"line":109,"column":10},"end":{"line":109,"column":20}},"78":{"start":{"line":111,"column":8},"end":{"line":113,"column":null}},"79":{"start":{"line":112,"column":10},"end":{"line":112,"column":19}},"80":{"start":{"line":114,"column":8},"end":{"line":114,"column":17}},"81":{"start":{"line":116,"column":6},"end":{"line":116,"column":49}},"82":{"start":{"line":118,"column":4},"end":{"line":118,"column":24}},"83":{"start":{"line":121,"column":10},"end":{"line":129,"column":null}},"84":{"start":{"line":122,"column":16},"end":{"line":122,"column":46}},"85":{"start":{"line":128,"column":4},"end":{"line":128,"column":20}},"86":{"start":{"line":130,"column":0},"end":{"line":130,"column":null}},"87":{"start":{"line":132,"column":0},"end":{"line":132,"column":31}}},"fnMap":{"0":{"name":"(anonymous_10)","decl":{"start":{"line":23,"column":0},"end":{"line":23,"column":30}},"loc":{"start":{"line":23,"column":0},"end":{"line":130,"column":null}}},"1":{"name":"ProductsReducer","decl":{"start":{"line":24,"column":2},"end":{"line":24,"column":14}},"loc":{"start":{"line":24,"column":89},"end":{"line":26,"column":3}}},"2":{"name":"(anonymous_12)","decl":{"start":{"line":28,"column":18},"end":{"line":28,"column":19}},"loc":{"start":{"line":28,"column":61},"end":{"line":54,"column":3}}},"3":{"name":"(anonymous_13)","decl":{"start":{"line":56,"column":2},"end":{"line":56,"column":10}},"loc":{"start":{"line":56,"column":38},"end":{"line":70,"column":3}}},"4":{"name":"(anonymous_14)","decl":{"start":{"line":72,"column":2},"end":{"line":72,"column":10}},"loc":{"start":{"line":72,"column":38},"end":{"line":89,"column":3}}},"5":{"name":"(anonymous_15)","decl":{"start":{"line":73,"column":46},"end":{"line":73,"column":47}},"loc":{"start":{"line":73,"column":52},"end":{"line":86,"column":5}}},"6":{"name":"(anonymous_16)","decl":{"start":{"line":91,"column":2},"end":{"line":91,"column":10}},"loc":{"start":{"line":91,"column":43},"end":{"line":96,"column":3}}},"7":{"name":"(anonymous_17)","decl":{"start":{"line":92,"column":33},"end":{"line":92,"column":34}},"loc":{"start":{"line":92,"column":39},"end":{"line":92,"column":49}}},"8":{"name":"(anonymous_18)","decl":{"start":{"line":94,"column":39},"end":{"line":94,"column":40}},"loc":{"start":{"line":94,"column":53},"end":{"line":94,"column":62}}},"9":{"name":"(anonymous_19)","decl":{"start":{"line":98,"column":2},"end":{"line":98,"column":10}},"loc":{"start":{"line":98,"column":80},"end":{"line":102,"column":3}}},"10":{"name":"(anonymous_20)","decl":{"start":{"line":100,"column":39},"end":{"line":100,"column":40}},"loc":{"start":{"line":100,"column":47},"end":{"line":100,"column":59}}},"11":{"name":"(anonymous_21)","decl":{"start":{"line":104,"column":2},"end":{"line":104,"column":10}},"loc":{"start":{"line":104,"column":78},"end":{"line":119,"column":3}}},"12":{"name":"(anonymous_22)","decl":{"start":{"line":106,"column":20},"end":{"line":106,"column":21}},"loc":{"start":{"line":106,"column":31},"end":{"line":117,"column":5}}},"13":{"name":"(anonymous_23)","decl":{"start":{"line":107,"column":23},"end":{"line":107,"column":24}},"loc":{"start":{"line":107,"column":60},"end":{"line":115,"column":7}}},"14":{"name":"(anonymous_24)","decl":{"start":{"line":121,"column":2},"end":{"line":121,"column":10}},"loc":{"start":{"line":121,"column":2},"end":{"line":129,"column":3}}}},"branchMap":{"0":{"loc":{"start":{"line":24,"column":46},"end":{"line":24,"column":null}},"type":"if","locations":[{"start":{"line":24,"column":46},"end":{"line":24,"column":null}},{"start":{"line":24,"column":46},"end":{"line":24,"column":null}}]},"1":{"loc":{"start":{"line":25,"column":4},"end":{"line":25,"column":32}},"type":"binary-expr","locations":[{"start":{"line":25,"column":4},"end":{"line":25,"column":32}},{"start":{"line":25,"column":32},"end":{"line":25,"column":null}}]},"2":{"loc":{"start":{"line":28,"column":19},"end":{"line":28,"column":39}},"type":"if","locations":[{"start":{"line":28,"column":19},"end":{"line":28,"column":39}},{"start":{"line":28,"column":19},"end":{"line":28,"column":39}}]},"3":{"loc":{"start":{"line":32,"column":6},"end":{"line":36,"column":null}},"type":"switch","locations":[{"start":{"line":32,"column":6},"end":{"line":36,"column":null}},{"start":{"line":37,"column":6},"end":{"line":41,"column":null}},{"start":{"line":47,"column":6},"end":{"line":49,"column":null}}]},"4":{"loc":{"start":{"line":57,"column":4},"end":{"line":68,"column":null}},"type":"if","locations":[{"start":{"line":57,"column":4},"end":{"line":68,"column":null}},{"start":{"line":57,"column":4},"end":{"line":68,"column":null}}]},"5":{"loc":{"start":{"line":59,"column":6},"end":{"line":59,"column":75}},"type":"if","locations":[{"start":{"line":59,"column":6},"end":{"line":59,"column":75}},{"start":{"line":59,"column":6},"end":{"line":59,"column":75}}]},"6":{"loc":{"start":{"line":60,"column":6},"end":{"line":60,"column":57}},"type":"if","locations":[{"start":{"line":60,"column":6},"end":{"line":60,"column":57}},{"start":{"line":60,"column":6},"end":{"line":60,"column":57}}]},"7":{"loc":{"start":{"line":61,"column":6},"end":{"line":61,"column":51}},"type":"if","locations":[{"start":{"line":61,"column":6},"end":{"line":61,"column":51}},{"start":{"line":61,"column":6},"end":{"line":61,"column":51}}]},"8":{"loc":{"start":{"line":62,"column":6},"end":{"line":62,"column":63}},"type":"if","locations":[{"start":{"line":62,"column":6},"end":{"line":62,"column":63}},{"start":{"line":62,"column":6},"end":{"line":62,"column":63}}]},"9":{"loc":{"start":{"line":63,"column":6},"end":{"line":63,"column":54}},"type":"if","locations":[{"start":{"line":63,"column":6},"end":{"line":63,"column":54}},{"start":{"line":63,"column":6},"end":{"line":63,"column":54}}]},"10":{"loc":{"start":{"line":64,"column":6},"end":{"line":64,"column":57}},"type":"if","locations":[{"start":{"line":64,"column":6},"end":{"line":64,"column":57}},{"start":{"line":64,"column":6},"end":{"line":64,"column":57}}]},"11":{"loc":{"start":{"line":74,"column":6},"end":{"line":84,"column":null}},"type":"if","locations":[{"start":{"line":74,"column":6},"end":{"line":84,"column":null}},{"start":{"line":74,"column":6},"end":{"line":84,"column":null}}]},"12":{"loc":{"start":{"line":76,"column":8},"end":{"line":76,"column":50}},"type":"if","locations":[{"start":{"line":76,"column":8},"end":{"line":76,"column":50}},{"start":{"line":76,"column":8},"end":{"line":76,"column":50}}]},"13":{"loc":{"start":{"line":77,"column":8},"end":{"line":77,"column":80}},"type":"if","locations":[{"start":{"line":77,"column":8},"end":{"line":77,"column":80}},{"start":{"line":77,"column":8},"end":{"line":77,"column":80}}]},"14":{"loc":{"start":{"line":78,"column":8},"end":{"line":78,"column":62}},"type":"if","locations":[{"start":{"line":78,"column":8},"end":{"line":78,"column":62}},{"start":{"line":78,"column":8},"end":{"line":78,"column":62}}]},"15":{"loc":{"start":{"line":79,"column":8},"end":{"line":79,"column":56}},"type":"if","locations":[{"start":{"line":79,"column":8},"end":{"line":79,"column":56}},{"start":{"line":79,"column":8},"end":{"line":79,"column":56}}]},"16":{"loc":{"start":{"line":80,"column":8},"end":{"line":80,"column":68}},"type":"if","locations":[{"start":{"line":80,"column":8},"end":{"line":80,"column":68}},{"start":{"line":80,"column":8},"end":{"line":80,"column":68}}]},"17":{"loc":{"start":{"line":81,"column":8},"end":{"line":81,"column":59}},"type":"if","locations":[{"start":{"line":81,"column":8},"end":{"line":81,"column":59}},{"start":{"line":81,"column":8},"end":{"line":81,"column":59}}]},"18":{"loc":{"start":{"line":82,"column":8},"end":{"line":82,"column":62}},"type":"if","locations":[{"start":{"line":82,"column":8},"end":{"line":82,"column":62}},{"start":{"line":82,"column":8},"end":{"line":82,"column":62}}]},"19":{"loc":{"start":{"line":93,"column":49},"end":{"line":93,"column":61}},"type":"cond-expr","locations":[{"start":{"line":93,"column":49},"end":{"line":93,"column":61}},{"start":{"line":93,"column":64},"end":{"line":93,"column":65}}]},"20":{"loc":{"start":{"line":108,"column":8},"end":{"line":110,"column":null}},"type":"if","locations":[{"start":{"line":108,"column":8},"end":{"line":110,"column":null}},{"start":{"line":108,"column":8},"end":{"line":110,"column":null}}]},"21":{"loc":{"start":{"line":111,"column":8},"end":{"line":113,"column":null}},"type":"if","locations":[{"start":{"line":111,"column":8},"end":{"line":113,"column":null}},{"start":{"line":111,"column":8},"end":{"line":113,"column":null}}]}},"s":{"0":0,"1":0,"2":0,"3":0,"4":0,"5":0,"6":0,"7":0,"8":0,"9":0,"10":0,"11":0,"12":0,"13":0,"14":0,"15":0,"16":0,"17":0,"18":0,"19":0,"20":0,"21":0,"22":0,"23":0,"24":0,"25":0,"26":0,"27":0,"28":0,"29":0,"30":0,"31":0,"32":0,"33":0,"34":0,"35":0,"36":0,"37":0,"38":0,"39":0,"40":0,"41":0,"42":0,"43":0,"44":0,"45":0,"46":0,"47":0,"48":0,"49":0,"50":0,"51":0,"52":0,"53":0,"54":0,"55":0,"56":0,"57":0,"58":0,"59":0,"60":0,"61":0,"62":0,"63":0,"64":0,"65":0,"66":0,"67":0,"68":0,"69":0,"70":0,"71":0,"72":0,"73":0,"74":0,"75":0,"76":0,"77":0,"78":0,"79":0,"80":0,"81":0,"82":0,"83":0,"84":0,"85":0,"86":0,"87":0},"f":{"0":0,"1":0,"2":0,"3":0,"4":0,"5":0,"6":0,"7":0,"8":0,"9":0,"10":0,"11":0,"12":0,"13":0,"14":0},"b":{"0":[0,0],"1":[0,0],"2":[0,0],"3":[0,0,0],"4":[0,0],"5":[0,0],"6":[0,0],"7":[0,0],"8":[0,0],"9":[0,0],"10":[0,0],"11":[0,0],"12":[0,0],"13":[0,0],"14":[0,0],"15":[0,0],"16":[0,0],"17":[0,0],"18":[0,0],"19":[0,0],"20":[0,0],"21":[0,0]}}
,"C:\\Users\\space\\Desktop\\PaintingStore\\src\\storage\\Products\\actions\\CreateItemAction.ts": {"path":"C:\\Users\\space\\Desktop\\PaintingStore\\src\\storage\\Products\\actions\\CreateItemAction.ts","statementMap":{"0":{"start":{"line":5,"column":2},"end":{"line":8,"column":4}},"1":{"start":{"line":11,"column":0},"end":{"line":11,"column":32}}},"fnMap":{"0":{"name":"createItemAction","decl":{"start":{"line":4,"column":9},"end":{"line":4,"column":25}},"loc":{"start":{"line":4,"column":43},"end":{"line":9,"column":1}}}},"branchMap":{},"s":{"0":0,"1":0},"f":{"0":0},"b":{}}
,"C:\\Users\\space\\Desktop\\PaintingStore\\src\\storage\\Products\\actions\\UpdateItemAction.ts": {"path":"C:\\Users\\space\\Desktop\\PaintingStore\\src\\storage\\Products\\actions\\UpdateItemAction.ts","statementMap":{"0":{"start":{"line":5,"column":2},"end":{"line":8,"column":4}},"1":{"start":{"line":11,"column":0},"end":{"line":11,"column":32}}},"fnMap":{"0":{"name":"updateItemAction","decl":{"start":{"line":4,"column":9},"end":{"line":4,"column":25}},"loc":{"start":{"line":4,"column":43},"end":{"line":9,"column":1}}}},"branchMap":{},"s":{"0":0,"1":0},"f":{"0":0},"b":{}}
,"C:\\Users\\space\\Desktop\\PaintingStore\\src\\storage\\SearchBar\\SearchBarReducer.ts": {"path":"C:\\Users\\space\\Desktop\\PaintingStore\\src\\storage\\SearchBar\\SearchBarReducer.ts","statementMap":{"0":{"start":{"line":4,"column":0},"end":{"line":4,"column":33}},"1":{"start":{"line":9,"column":38},"end":{"line":12,"column":2}},"2":{"start":{"line":14,"column":0},"end":{"line":14,"column":55}},"3":{"start":{"line":14,"column":31},"end":{"line":14,"column":38}},"4":{"start":{"line":15,"column":46},"end":{"line":15,"column":null}},"5":{"start":{"line":16,"column":4},"end":{"line":16,"column":null}},"6":{"start":{"line":19,"column":9},"end":{"line":38,"column":null}},"7":{"start":{"line":19,"column":19},"end":{"line":19,"column":39}},"8":{"start":{"line":20,"column":4},"end":{"line":20,"column":30}},"9":{"start":{"line":22,"column":4},"end":{"line":35,"column":null}},"10":{"start":{"line":24,"column":8},"end":{"line":24,"column":52}},"11":{"start":{"line":25,"column":8},"end":{"line":26,"column":92}},"12":{"start":{"line":26,"column":10},"end":{"line":26,"column":92}},"13":{"start":{"line":30,"column":8},"end":{"line":30,"column":14}},"14":{"start":{"line":33,"column":8},"end":{"line":33,"column":14}},"15":{"start":{"line":37,"column":4},"end":{"line":37,"column":22}},"16":{"start":{"line":40,"column":10},"end":{"line":48,"column":null}},"17":{"start":{"line":41,"column":28},"end":{"line":41,"column":70}},"18":{"start":{"line":42,"column":20},"end":{"line":42,"column":47}},"19":{"start":{"line":43,"column":21},"end":{"line":46,"column":6}},"20":{"start":{"line":44,"column":20},"end":{"line":44,"column":47}},"21":{"start":{"line":45,"column":6},"end":{"line":45,"column":19}},"22":{"start":{"line":47,"column":4},"end":{"line":47,"column":20}},"23":{"start":{"line":49,"column":0},"end":{"line":49,"column":null}},"24":{"start":{"line":51,"column":0},"end":{"line":51,"column":32}}},"fnMap":{"0":{"name":"(anonymous_9)","decl":{"start":{"line":14,"column":0},"end":{"line":14,"column":31}},"loc":{"start":{"line":14,"column":0},"end":{"line":49,"column":null}}},"1":{"name":"SearchBarReducer","decl":{"start":{"line":15,"column":2},"end":{"line":15,"column":14}},"loc":{"start":{"line":15,"column":90},"end":{"line":17,"column":3}}},"2":{"name":"(anonymous_11)","decl":{"start":{"line":19,"column":18},"end":{"line":19,"column":19}},"loc":{"start":{"line":19,"column":63},"end":{"line":38,"column":3}}},"3":{"name":"(anonymous_12)","decl":{"start":{"line":40,"column":2},"end":{"line":40,"column":10}},"loc":{"start":{"line":40,"column":46},"end":{"line":48,"column":3}}},"4":{"name":"(anonymous_13)","decl":{"start":{"line":43,"column":40},"end":{"line":43,"column":41}},"loc":{"start":{"line":43,"column":48},"end":{"line":46,"column":5}}}},"branchMap":{"0":{"loc":{"start":{"line":15,"column":46},"end":{"line":15,"column":null}},"type":"if","locations":[{"start":{"line":15,"column":46},"end":{"line":15,"column":null}},{"start":{"line":15,"column":46},"end":{"line":15,"column":null}}]},"1":{"loc":{"start":{"line":16,"column":4},"end":{"line":16,"column":32}},"type":"binary-expr","locations":[{"start":{"line":16,"column":4},"end":{"line":16,"column":32}},{"start":{"line":16,"column":32},"end":{"line":16,"column":null}}]},"2":{"loc":{"start":{"line":19,"column":19},"end":{"line":19,"column":39}},"type":"if","locations":[{"start":{"line":19,"column":19},"end":{"line":19,"column":39}},{"start":{"line":19,"column":19},"end":{"line":19,"column":39}}]},"3":{"loc":{"start":{"line":23,"column":6},"end":{"line":31,"column":null}},"type":"switch","locations":[{"start":{"line":23,"column":6},"end":{"line":31,"column":null}},{"start":{"line":32,"column":6},"end":{"line":34,"column":null}}]},"4":{"loc":{"start":{"line":25,"column":8},"end":{"line":26,"column":92}},"type":"if","locations":[{"start":{"line":25,"column":8},"end":{"line":26,"column":92}},{"start":{"line":25,"column":8},"end":{"line":26,"column":92}}]}},"s":{"0":0,"1":0,"2":0,"3":0,"4":0,"5":0,"6":0,"7":0,"8":0,"9":0,"10":0,"11":0,"12":0,"13":0,"14":0,"15":0,"16":0,"17":0,"18":0,"19":0,"20":0,"21":0,"22":0,"23":0,"24":0},"f":{"0":0,"1":0,"2":0,"3":0,"4":0},"b":{"0":[0,0],"1":[0,0],"2":[0,0],"3":[0,0],"4":[0,0]}}
,"C:\\Users\\space\\Desktop\\PaintingStore\\src\\storage\\SearchBar\\actions\\SearchBarAction.ts": {"path":"C:\\Users\\space\\Desktop\\PaintingStore\\src\\storage\\SearchBar\\actions\\SearchBarAction.ts","statementMap":{"0":{"start":{"line":4,"column":2},"end":{"line":7,"column":4}},"1":{"start":{"line":10,"column":0},"end":{"line":10,"column":31}}},"fnMap":{"0":{"name":"searchBarAction","decl":{"start":{"line":3,"column":9},"end":{"line":3,"column":24}},"loc":{"start":{"line":3,"column":44},"end":{"line":8,"column":1}}}},"branchMap":{},"s":{"0":0,"1":0},"f":{"0":0},"b":{}}
,"C:\\Users\\space\\Desktop\\PaintingStore\\src\\storage\\ShoppingCart\\ShoppingCartReducer.ts": {"path":"C:\\Users\\space\\Desktop\\PaintingStore\\src\\storage\\ShoppingCart\\ShoppingCartReducer.ts","statementMap":{"0":{"start":{"line":1,"column":0},"end":{"line":1,"column":33}},"1":{"start":{"line":6,"column":41},"end":{"line":9,"column":2}},"2":{"start":{"line":11,"column":0},"end":{"line":11,"column":61}},"3":{"start":{"line":11,"column":34},"end":{"line":11,"column":41}},"4":{"start":{"line":12,"column":46},"end":{"line":12,"column":null}},"5":{"start":{"line":13,"column":4},"end":{"line":13,"column":null}},"6":{"start":{"line":20,"column":2},"end":{"line":40,"column":null}},"7":{"start":{"line":20,"column":12},"end":{"line":20,"column":32}},"8":{"start":{"line":21,"column":4},"end":{"line":21,"column":30}},"9":{"start":{"line":22,"column":4},"end":{"line":22,"column":91}},"10":{"start":{"line":24,"column":4},"end":{"line":37,"column":null}},"11":{"start":{"line":26,"column":8},"end":{"line":28,"column":null}},"12":{"start":{"line":27,"column":10},"end":{"line":27,"column":58}},"13":{"start":{"line":29,"column":8},"end":{"line":29,"column":14}},"14":{"start":{"line":32,"column":8},"end":{"line":34,"column":null}},"15":{"start":{"line":33,"column":10},"end":{"line":33,"column":110}},"16":{"start":{"line":33,"column":71},"end":{"line":33,"column":109}},"17":{"start":{"line":35,"column":8},"end":{"line":35,"column":14}},"18":{"start":{"line":39,"column":4},"end":{"line":39,"column":22}},"19":{"start":{"line":16,"column":2},"end":{"line":18,"column":null}},"20":{"start":{"line":17,"column":4},"end":{"line":17,"column":76}},"21":{"start":{"line":17,"column":45},"end":{"line":17,"column":76}},"22":{"start":{"line":41,"column":0},"end":{"line":41,"column":null}},"23":{"start":{"line":43,"column":0},"end":{"line":43,"column":35}}},"fnMap":{"0":{"name":"(anonymous_9)","decl":{"start":{"line":11,"column":0},"end":{"line":11,"column":34}},"loc":{"start":{"line":11,"column":0},"end":{"line":41,"column":null}}},"1":{"name":"ShoppingCartReducer","decl":{"start":{"line":12,"column":2},"end":{"line":12,"column":14}},"loc":{"start":{"line":12,"column":93},"end":{"line":14,"column":3}}},"2":{"name":"(anonymous_11)","decl":{"start":{"line":20,"column":11},"end":{"line":20,"column":12}},"loc":{"start":{"line":20,"column":59},"end":{"line":40,"column":3}}},"3":{"name":"(anonymous_12)","decl":{"start":{"line":33,"column":63},"end":{"line":33,"column":64}},"loc":{"start":{"line":33,"column":66},"end":{"line":33,"column":73}}},"4":{"name":"(anonymous_13)","decl":{"start":{"line":16,"column":2},"end":{"line":16,"column":12}},"loc":{"start":{"line":16,"column":23},"end":{"line":18,"column":3}}}},"branchMap":{"0":{"loc":{"start":{"line":12,"column":46},"end":{"line":12,"column":null}},"type":"if","locations":[{"start":{"line":12,"column":46},"end":{"line":12,"column":null}},{"start":{"line":12,"column":46},"end":{"line":12,"column":null}}]},"1":{"loc":{"start":{"line":13,"column":4},"end":{"line":13,"column":32}},"type":"binary-expr","locations":[{"start":{"line":13,"column":4},"end":{"line":13,"column":32}},{"start":{"line":13,"column":32},"end":{"line":13,"column":null}}]},"2":{"loc":{"start":{"line":20,"column":12},"end":{"line":20,"column":32}},"type":"if","locations":[{"start":{"line":20,"column":12},"end":{"line":20,"column":32}},{"start":{"line":20,"column":12},"end":{"line":20,"column":32}}]},"3":{"loc":{"start":{"line":22,"column":51},"end":{"line":22,"column":82}},"type":"cond-expr","locations":[{"start":{"line":22,"column":51},"end":{"line":22,"column":82}},{"start":{"line":22,"column":85},"end":{"line":22,"column":90}}]},"4":{"loc":{"start":{"line":25,"column":6},"end":{"line":30,"column":null}},"type":"switch","locations":[{"start":{"line":25,"column":6},"end":{"line":30,"column":null}},{"start":{"line":31,"column":6},"end":{"line":36,"column":null}}]},"5":{"loc":{"start":{"line":26,"column":8},"end":{"line":28,"column":null}},"type":"if","locations":[{"start":{"line":26,"column":8},"end":{"line":28,"column":null}},{"start":{"line":26,"column":8},"end":{"line":28,"column":null}}]},"6":{"loc":{"start":{"line":26,"column":12},"end":{"line":26,"column":34}},"type":"binary-expr","locations":[{"start":{"line":26,"column":12},"end":{"line":26,"column":34}},{"start":{"line":26,"column":38},"end":{"line":26,"column":82}}]},"7":{"loc":{"start":{"line":32,"column":8},"end":{"line":34,"column":null}},"type":"if","locations":[{"start":{"line":32,"column":8},"end":{"line":34,"column":null}},{"start":{"line":32,"column":8},"end":{"line":34,"column":null}}]},"8":{"loc":{"start":{"line":32,"column":12},"end":{"line":32,"column":34}},"type":"binary-expr","locations":[{"start":{"line":32,"column":12},"end":{"line":32,"column":34}},{"start":{"line":32,"column":38},"end":{"line":32,"column":82}}]},"9":{"loc":{"start":{"line":17,"column":4},"end":{"line":17,"column":76}},"type":"if","locations":[{"start":{"line":17,"column":4},"end":{"line":17,"column":76}},{"start":{"line":17,"column":4},"end":{"line":17,"column":76}}]}},"s":{"0":0,"1":0,"2":0,"3":0,"4":0,"5":0,"6":0,"7":0,"8":0,"9":0,"10":0,"11":0,"12":0,"13":0,"14":0,"15":0,"16":0,"17":0,"18":0,"19":0,"20":0,"21":0,"22":0,"23":0},"f":{"0":0,"1":0,"2":0,"3":0,"4":0},"b":{"0":[0,0],"1":[0,0],"2":[0,0],"3":[0,0],"4":[0,0],"5":[0,0],"6":[0,0],"7":[0,0],"8":[0,0],"9":[0,0]}}
,"C:\\Users\\space\\Desktop\\PaintingStore\\src\\storage\\ShoppingCart\\actions\\ShoppingCartPopAction.ts": {"path":"C:\\Users\\space\\Desktop\\PaintingStore\\src\\storage\\ShoppingCart\\actions\\ShoppingCartPopAction.ts","statementMap":{"0":{"start":{"line":6,"column":2},"end":{"line":9,"column":4}},"1":{"start":{"line":12,"column":0},"end":{"line":12,"column":37}}},"fnMap":{"0":{"name":"shoppingCartPopAction","decl":{"start":{"line":5,"column":9},"end":{"line":5,"column":30}},"loc":{"start":{"line":5,"column":60},"end":{"line":10,"column":1}}}},"branchMap":{},"s":{"0":0,"1":0},"f":{"0":0},"b":{}}
,"C:\\Users\\space\\Desktop\\PaintingStore\\src\\storage\\ShoppingCart\\actions\\ShoppingCartPushAction.ts": {"path":"C:\\Users\\space\\Desktop\\PaintingStore\\src\\storage\\ShoppingCart\\actions\\ShoppingCartPushAction.ts","statementMap":{"0":{"start":{"line":6,"column":2},"end":{"line":9,"column":4}},"1":{"start":{"line":12,"column":0},"end":{"line":12,"column":38}}},"fnMap":{"0":{"name":"shoppingCartPushAction","decl":{"start":{"line":5,"column":9},"end":{"line":5,"column":31}},"loc":{"start":{"line":5,"column":61},"end":{"line":10,"column":1}}}},"branchMap":{},"s":{"0":0,"1":0},"f":{"0":0},"b":{}}
}
