TN:
SF:src\compilationOptions.ts
FNF:0
FNH:0
DA:1,2
DA:5,2
LF:2
LH:2
BRF:0
BRH:0
end_of_record
TN:
SF:src\assets\helpers.ts
FN:1,formateNumber
FNF:1
FNH:0
FNDA:0,formateNumber
DA:1,0
DA:2,0
DA:3,0
LF:3
LH:0
BRDA:2,0,0,0
BRDA:2,0,1,0
BRF:2
BRH:0
end_of_record
TN:
SF:src\components\button\button.tsx
FN:11,Button
FN:16,(anonymous_2)
FN:19,(anonymous_3)
FNF:3
FNH:2
FNDA:6,Button
FNDA:0,(anonymous_2)
FNDA:1,(anonymous_3)
DA:1,2
DA:2,2
DA:13,6
DA:14,6
DA:15,6
DA:16,6
DA:17,24
DA:19,6
DA:20,1
DA:23,6
DA:36,2
LF:11
LH:11
BRDA:13,0,0,3
BRDA:13,0,1,3
BRDA:14,1,0,5
BRDA:14,1,1,1
BRDA:15,2,0,5
BRDA:15,2,1,1
BRDA:16,3,0,5
BRDA:16,3,1,1
BRDA:25,4,0,1
BRDA:25,4,1,5
BRDA:30,5,0,1
BRDA:30,5,1,5
BRF:12
BRH:12
end_of_record
TN:
SF:src\components\footer\footer.tsx
FN:8,Footer
FNF:1
FNH:1
FNDA:1,Footer
DA:1,1
DA:2,1
DA:3,1
DA:4,1
DA:5,1
DA:6,1
DA:9,1
DA:25,1
LF:8
LH:8
BRF:0
BRH:0
end_of_record
TN:
SF:src\components\footer\images\address-symbol.tsx
FN:3,AddressSymbol
FNF:1
FNH:1
FNDA:1,AddressSymbol
DA:1,1
DA:4,1
DA:11,1
LF:3
LH:3
BRF:0
BRH:0
end_of_record
TN:
SF:src\components\footer\images\phone-symbol.tsx
FN:3,PhoneSymbol
FNF:1
FNH:1
FNDA:1,PhoneSymbol
DA:1,1
DA:4,1
DA:11,1
LF:3
LH:3
BRF:0
BRH:0
end_of_record
TN:
SF:src\components\header\actions.ts
FNF:0
FNH:0
DA:1,0
DA:3,0
DA:7,0
LF:3
LH:0
BRF:0
BRH:0
end_of_record
TN:
SF:src\components\header\header-container.tsx
FN:6,(anonymous_1)
FNF:1
FNH:0
FNDA:0,(anonymous_1)
DA:1,0
DA:3,0
DA:4,0
DA:6,0
DA:7,0
LF:5
LH:0
BRF:0
BRH:0
end_of_record
TN:
SF:src\components\header\header.tsx
FN:14,Header
FN:19,(anonymous_8)
FNF:2
FNH:2
FNDA:2,Header
FNDA:1,(anonymous_8)
DA:1,1
DA:4,1
DA:5,1
DA:6,1
DA:8,1
DA:15,2
DA:17,2
DA:19,2
DA:20,1
DA:23,2
DA:47,1
LF:11
LH:11
BRDA:26,0,0,1
BRDA:26,0,1,1
BRDA:28,1,0,1
BRDA:28,1,1,1
BRDA:29,2,0,1
BRDA:29,2,1,1
BRDA:30,3,0,1
BRDA:30,3,1,1
BRDA:31,4,0,1
BRDA:31,4,1,1
BRDA:34,5,0,1
BRDA:34,5,1,1
BRDA:37,6,0,1
BRDA:37,6,1,1
BRF:14
BRH:14
end_of_record
TN:
SF:src\components\logo\logo.tsx
FN:5,Logo
FNF:1
FNH:1
FNDA:3,Logo
DA:1,2
DA:2,2
DA:3,2
DA:6,3
DA:13,2
LF:5
LH:5
BRDA:8,0,0,3
BRDA:8,0,1,0
BRF:2
BRH:1
end_of_record
TN:
SF:src\components\navigation-bar\navigation-bar.tsx
FN:11,NavigationBar
FN:25,(anonymous_2)
FNF:2
FNH:2
FNDA:3,NavigationBar
FNDA:15,(anonymous_2)
DA:1,2
DA:2,2
DA:13,3
DA:20,3
DA:22,3
DA:26,15
DA:39,2
LF:7
LH:7
BRDA:13,0,0,3
BRDA:13,0,1,0
BRF:2
BRH:1
end_of_record
TN:
SF:src\components\product-block\product-block.tsx
FN:17,ProductBlock
FN:26,handleButtonClick
FNF:2
FNH:0
FNDA:0,ProductBlock
FNDA:0,handleButtonClick
DA:1,0
DA:2,0
DA:3,0
DA:5,0
DA:8,0
DA:23,0
DA:24,0
DA:27,0
DA:28,0
DA:32,0
DA:33,0
DA:35,0
DA:36,0
DA:37,0
DA:42,0
DA:47,0
DA:54,0
DA:99,0
LF:18
LH:0
BRDA:27,0,0,0
BRDA:27,0,1,0
BRDA:35,1,0,0
BRDA:35,1,1,0
BRDA:55,2,0,0
BRDA:55,2,1,0
BRDA:59,3,0,0
BRDA:59,3,1,0
BRDA:69,4,0,0
BRDA:69,4,1,0
BRDA:76,5,0,0
BRDA:76,5,1,0
BRF:12
BRH:0
end_of_record
TN:
SF:src\components\search-bar\search-bar.tsx
FN:13,SearchBar
FN:20,(anonymous_2)
FNF:2
FNH:1
FNDA:2,SearchBar
FNDA:0,(anonymous_2)
DA:1,1
DA:3,1
DA:4,1
DA:15,2
DA:16,2
DA:17,2
DA:18,6
DA:20,2
DA:21,0
DA:22,0
DA:23,0
DA:24,0
DA:25,0
DA:28,2
DA:50,1
LF:15
LH:10
BRDA:15,0,0,2
BRDA:15,0,1,0
BRDA:16,1,0,2
BRDA:16,1,1,0
BRDA:17,2,0,2
BRDA:17,2,1,0
BRDA:30,3,0,0
BRDA:30,3,1,2
BRF:8
BRH:4
end_of_record
TN:
SF:src\pages\base\base.tsx
FNF:0
FNH:0
DA:1,0
DA:2,0
DA:4,0
LF:3
LH:0
BRF:0
BRH:0
end_of_record
TN:
SF:src\pages\index\index.tsx
FNF:0
FNH:0
DA:1,0
DA:2,0
LF:2
LH:0
BRF:0
BRH:0
end_of_record
TN:
SF:src\pages\prod-page\prod-page-container.tsx
FNF:0
FNH:0
DA:1,0
DA:2,0
DA:3,0
DA:4,0
DA:5,0
DA:6,0
DA:7,0
DA:9,0
DA:10,0
DA:11,0
DA:15,0
DA:16,0
LF:12
LH:0
BRF:0
BRH:0
end_of_record
TN:
SF:src\pages\prod-page\prod-page.tsx
FN:14,ProdPage
FN:32,(anonymous_2)
FNF:2
FNH:0
FNDA:0,ProdPage
FNDA:0,(anonymous_2)
DA:1,0
DA:2,0
DA:3,0
DA:4,0
DA:5,0
DA:8,0
DA:15,0
DA:17,0
DA:32,0
DA:33,0
DA:35,0
LF:11
LH:0
BRDA:18,0,0,0
BRDA:18,0,1,0
BRF:2
BRH:0
end_of_record
TN:
SF:src\pages\products-list\actions.ts
FNF:0
FNH:0
DA:1,0
DA:2,0
DA:3,0
DA:4,0
DA:5,0
DA:7,0
DA:15,0
LF:7
LH:0
BRF:0
BRH:0
end_of_record
TN:
SF:src\pages\products-list\products-list.tsx
FN:21,ProductsList
FN:36,(anonymous_3)
FN:54,(anonymous_4)
FNF:3
FNH:0
FNDA:0,ProductsList
FNDA:0,(anonymous_3)
FNDA:0,(anonymous_4)
DA:1,0
DA:2,0
DA:3,0
DA:10,0
DA:11,0
DA:28,0
DA:29,0
DA:31,0
DA:37,0
DA:54,0
DA:55,0
DA:57,0
LF:12
LH:0
BRDA:29,0,0,0
BRDA:29,0,1,0
BRF:2
BRH:0
end_of_record
TN:
SF:src\pages\ui-kit\ui-kit.tsx
FN:8,App
FNF:1
FNH:0
FNDA:0,App
DA:1,0
DA:2,0
DA:3,0
DA:4,0
DA:5,0
DA:6,0
DA:9,0
DA:67,0
DA:68,0
LF:9
LH:0
BRF:0
BRH:0
end_of_record
TN:
SF:src\storage\Reducer.ts
FN:4,(anonymous_0)
FN:8,Reducer
FNF:2
FNH:0
FNDA:0,(anonymous_0)
FNDA:0,Reducer
DA:4,0
DA:9,0
DA:10,0
DA:14,0
DA:16,0
LF:5
LH:0
BRF:0
BRH:0
end_of_record
TN:
SF:src\storage\ReducerManager.ts
FN:8,(anonymous_1)
FN:14,ReducerManager
FNF:2
FNH:0
FNDA:0,(anonymous_1)
FNDA:0,ReducerManager
DA:2,0
DA:4,0
DA:5,0
DA:6,0
DA:8,0
DA:15,0
DA:16,0
DA:17,0
DA:19,0
DA:25,0
DA:27,0
LF:11
LH:0
BRF:0
BRH:0
end_of_record
TN:
SF:src\storage\Products\ProductsReducer.ts
FN:23,(anonymous_10)
FN:24,ProductsReducer
FN:28,(anonymous_12)
FN:56,(anonymous_13)
FN:72,(anonymous_14)
FN:73,(anonymous_15)
FN:91,(anonymous_16)
FN:92,(anonymous_17)
FN:94,(anonymous_18)
FN:98,(anonymous_19)
FN:100,(anonymous_20)
FN:104,(anonymous_21)
FN:106,(anonymous_22)
FN:107,(anonymous_23)
FN:121,(anonymous_24)
FNF:15
FNH:0
FNDA:0,(anonymous_10)
FNDA:0,ProductsReducer
FNDA:0,(anonymous_12)
FNDA:0,(anonymous_13)
FNDA:0,(anonymous_14)
FNDA:0,(anonymous_15)
FNDA:0,(anonymous_16)
FNDA:0,(anonymous_17)
FNDA:0,(anonymous_18)
FNDA:0,(anonymous_19)
FNDA:0,(anonymous_20)
FNDA:0,(anonymous_21)
FNDA:0,(anonymous_22)
FNDA:0,(anonymous_23)
FNDA:0,(anonymous_24)
DA:3,0
DA:7,0
DA:9,0
DA:14,0
DA:23,0
DA:24,0
DA:25,0
DA:28,0
DA:29,0
DA:31,0
DA:33,0
DA:34,0
DA:35,0
DA:38,0
DA:39,0
DA:40,0
DA:48,0
DA:52,0
DA:53,0
DA:56,0
DA:57,0
DA:58,0
DA:59,0
DA:60,0
DA:61,0
DA:62,0
DA:63,0
DA:64,0
DA:66,0
DA:67,0
DA:69,0
DA:72,0
DA:73,0
DA:74,0
DA:75,0
DA:76,0
DA:77,0
DA:78,0
DA:79,0
DA:80,0
DA:81,0
DA:82,0
DA:83,0
DA:85,0
DA:88,0
DA:91,0
DA:92,0
DA:93,0
DA:94,0
DA:95,0
DA:98,0
DA:99,0
DA:100,0
DA:101,0
DA:104,0
DA:105,0
DA:106,0
DA:107,0
DA:108,0
DA:109,0
DA:111,0
DA:112,0
DA:114,0
DA:116,0
DA:118,0
DA:121,0
DA:122,0
DA:128,0
DA:130,0
DA:132,0
LF:70
LH:0
BRDA:24,0,0,0
BRDA:24,0,1,0
BRDA:25,1,0,0
BRDA:25,1,1,0
BRDA:28,2,0,0
BRDA:28,2,1,0
BRDA:32,3,0,0
BRDA:32,3,1,0
BRDA:32,3,2,0
BRDA:57,4,0,0
BRDA:57,4,1,0
BRDA:59,5,0,0
BRDA:59,5,1,0
BRDA:60,6,0,0
BRDA:60,6,1,0
BRDA:61,7,0,0
BRDA:61,7,1,0
BRDA:62,8,0,0
BRDA:62,8,1,0
BRDA:63,9,0,0
BRDA:63,9,1,0
BRDA:64,10,0,0
BRDA:64,10,1,0
BRDA:74,11,0,0
BRDA:74,11,1,0
BRDA:76,12,0,0
BRDA:76,12,1,0
BRDA:77,13,0,0
BRDA:77,13,1,0
BRDA:78,14,0,0
BRDA:78,14,1,0
BRDA:79,15,0,0
BRDA:79,15,1,0
BRDA:80,16,0,0
BRDA:80,16,1,0
BRDA:81,17,0,0
BRDA:81,17,1,0
BRDA:82,18,0,0
BRDA:82,18,1,0
BRDA:93,19,0,0
BRDA:93,19,1,0
BRDA:108,20,0,0
BRDA:108,20,1,0
BRDA:111,21,0,0
BRDA:111,21,1,0
BRF:45
BRH:0
end_of_record
TN:
SF:src\storage\Products\actions\CreateItemAction.ts
FN:4,createItemAction
FNF:1
FNH:0
FNDA:0,createItemAction
DA:5,0
DA:11,0
LF:2
LH:0
BRF:0
BRH:0
end_of_record
TN:
SF:src\storage\Products\actions\UpdateItemAction.ts
FN:4,updateItemAction
FNF:1
FNH:0
FNDA:0,updateItemAction
DA:5,0
DA:11,0
LF:2
LH:0
BRF:0
BRH:0
end_of_record
TN:
SF:src\storage\SearchBar\SearchBarReducer.ts
FN:14,(anonymous_9)
FN:15,SearchBarReducer
FN:19,(anonymous_11)
FN:40,(anonymous_12)
FN:43,(anonymous_13)
FNF:5
FNH:0
FNDA:0,(anonymous_9)
FNDA:0,SearchBarReducer
FNDA:0,(anonymous_11)
FNDA:0,(anonymous_12)
FNDA:0,(anonymous_13)
DA:4,0
DA:9,0
DA:14,0
DA:15,0
DA:16,0
DA:19,0
DA:20,0
DA:22,0
DA:24,0
DA:25,0
DA:26,0
DA:30,0
DA:33,0
DA:37,0
DA:40,0
DA:41,0
DA:42,0
DA:43,0
DA:44,0
DA:45,0
DA:47,0
DA:49,0
DA:51,0
LF:23
LH:0
BRDA:15,0,0,0
BRDA:15,0,1,0
BRDA:16,1,0,0
BRDA:16,1,1,0
BRDA:19,2,0,0
BRDA:19,2,1,0
BRDA:23,3,0,0
BRDA:23,3,1,0
BRDA:25,4,0,0
BRDA:25,4,1,0
BRF:10
BRH:0
end_of_record
TN:
SF:src\storage\SearchBar\actions\SearchBarAction.ts
FN:3,searchBarAction
FNF:1
FNH:0
FNDA:0,searchBarAction
DA:4,0
DA:10,0
LF:2
LH:0
BRF:0
BRH:0
end_of_record
TN:
SF:src\storage\ShoppingCart\ShoppingCartReducer.ts
FN:11,(anonymous_9)
FN:12,ShoppingCartReducer
FN:20,(anonymous_11)
FN:33,(anonymous_12)
FN:16,(anonymous_13)
FNF:5
FNH:0
FNDA:0,(anonymous_9)
FNDA:0,ShoppingCartReducer
FNDA:0,(anonymous_11)
FNDA:0,(anonymous_12)
FNDA:0,(anonymous_13)
DA:1,0
DA:6,0
DA:11,0
DA:12,0
DA:13,0
DA:16,0
DA:17,0
DA:20,0
DA:21,0
DA:22,0
DA:24,0
DA:26,0
DA:27,0
DA:29,0
DA:32,0
DA:33,0
DA:35,0
DA:39,0
DA:41,0
DA:43,0
LF:20
LH:0
BRDA:12,0,0,0
BRDA:12,0,1,0
BRDA:13,1,0,0
BRDA:13,1,1,0
BRDA:20,2,0,0
BRDA:20,2,1,0
BRDA:22,3,0,0
BRDA:22,3,1,0
BRDA:25,4,0,0
BRDA:25,4,1,0
BRDA:26,5,0,0
BRDA:26,5,1,0
BRDA:26,6,0,0
BRDA:26,6,1,0
BRDA:32,7,0,0
BRDA:32,7,1,0
BRDA:32,8,0,0
BRDA:32,8,1,0
BRDA:17,9,0,0
BRDA:17,9,1,0
BRF:20
BRH:0
end_of_record
TN:
SF:src\storage\ShoppingCart\actions\ShoppingCartPopAction.ts
FN:5,shoppingCartPopAction
FNF:1
FNH:0
FNDA:0,shoppingCartPopAction
DA:6,0
DA:12,0
LF:2
LH:0
BRF:0
BRH:0
end_of_record
TN:
SF:src\storage\ShoppingCart\actions\ShoppingCartPushAction.ts
FN:5,shoppingCartPushAction
FNF:1
FNH:0
FNDA:0,shoppingCartPushAction
DA:6,0
DA:12,0
LF:2
LH:0
BRF:0
BRH:0
end_of_record
